0 info it worked if it ends with ok
1 verbose cli [ 'D:\\Program Files\\nodejs\\\\node.exe',
1 verbose cli   'D:\\Program Files\\nodejs\\node_modules\\npm\\bin\\npm-cli.js',
1 verbose cli   'info',
1 verbose cli   'express',
1 verbose cli   'version' ]
2 info using npm@1.4.3
3 info using node@v0.10.26
4 verbose node symlink D:\Program Files\nodejs\\node.exe
5 verbose url raw express
6 verbose url resolving [ 'https://registry.npmjs.org/', './express' ]
7 verbose url resolved https://registry.npmjs.org/express
8 info trying registry request attempt 1 at 10:09:38
9 http GET https://registry.npmjs.org/express
10 info retry will retry, error on last attempt: Error: read ECONNRESET
11 info trying registry request attempt 2 at 10:09:49
12 http GET https://registry.npmjs.org/express
13 info retry will retry, error on last attempt: Error: read ECONNRESET
14 info trying registry request attempt 3 at 10:10:49
15 http GET https://registry.npmjs.org/express
16 error network read ECONNRESET
16 error network This is most likely not a problem with npm itself
16 error network and is related to network connectivity.
16 error network In most cases you are behind a proxy or have bad network settings.
16 error network
16 error network If you are behind a proxy, please make sure that the
16 error network 'proxy' config is set properly.  See: 'npm help config'
17 error System Windows_NT 6.1.7601
18 error command "D:\\Program Files\\nodejs\\\\node.exe" "D:\\Program Files\\nodejs\\node_modules\\npm\\bin\\npm-cli.js" "info" "express" "version"
19 error cwd C:\Users\ho274780\Desktop\NodeMail
20 error node -v v0.10.26
21 error npm -v 1.4.3
22 error syscall read
23 error code ECONNRESET
24 error errno ECONNRESET
25 verbose exit [ 1, true ]
